2024-08-27 16:32:55,719 INFO o.s.b.StartupInfoLogger [restartedMain] Starting AtmReconciliationApplication using Java 17.0.8 with PID 10312 (D:\INVOICES CLIENT\ATM_RECONCILIATION\target\classes started by minao in D:\INVOICES CLIENT\ATM_RECONCILIATION)
2024-08-27 16:32:55,727 INFO o.s.b.SpringApplication [restartedMain] The following 1 profile is active: "dev"
2024-08-27 16:32:55,790 INFO o.s.b.l.DeferredLog [restartedMain] The Class-Path manifest attribute in C:\Users\minao\.m2\repository\com\oracle\database\jdbc\ojdbc8\19.8.0.0\ojdbc8-19.8.0.0.jar referenced one or more files that do not exist: file:/C:/Users/minao/.m2/repository/com/oracle/database/jdbc/ojdbc8/19.8.0.0/oraclepki.jar
2024-08-27 16:32:55,791 INFO o.s.b.l.DeferredLog [restartedMain] Devtools property defaults active! Set 'spring.devtools.add-properties' to 'false' to disable
2024-08-27 16:32:55,792 INFO o.s.b.l.DeferredLog [restartedMain] For additional web related logging consider setting the 'logging.level.web' property to 'DEBUG'
2024-08-27 16:32:56,627 INFO o.s.d.r.c.RepositoryConfigurationDelegate [restartedMain] Bootstrapping Spring Data JPA repositories in DEFAULT mode.
2024-08-27 16:32:56,737 INFO o.s.d.r.c.RepositoryConfigurationDelegate [restartedMain] Finished Spring Data repository scanning in 99 ms. Found 11 JPA repository interfaces.
2024-08-27 16:32:57,479 WARN o.s.c.s.PostProcessorRegistrationDelegate$BeanPostProcessorChecker [restartedMain] Bean 'org.springframework.ws.config.annotation.DelegatingWsConfiguration' of type [org.springframework.ws.config.annotation.DelegatingWsConfiguration$$SpringCGLIB$$0] is not eligible for getting processed by all BeanPostProcessors (for example: not eligible for auto-proxying). The currently created BeanPostProcessor [annotationActionEndpointMapping] is declared through a non-static factory method on that class; consider declaring it as static instead.
2024-08-27 16:32:57,509 INFO o.s.w.s.a.s.AbstractAddressingEndpointMapping [restartedMain] Supporting [WS-Addressing August 2004, WS-Addressing 1.0]
2024-08-27 16:32:58,056 INFO o.s.b.w.e.t.TomcatWebServer [restartedMain] Tomcat initialized with port 8080 (http)
2024-08-27 16:32:58,073 INFO o.a.j.l.DirectJDKLog [restartedMain] Initializing ProtocolHandler ["http-nio-8080"]
2024-08-27 16:32:58,077 INFO o.a.j.l.DirectJDKLog [restartedMain] Starting service [Tomcat]
2024-08-27 16:32:58,078 INFO o.a.j.l.DirectJDKLog [restartedMain] Starting Servlet engine: [Apache Tomcat/10.1.28]
2024-08-27 16:32:58,177 INFO o.a.j.l.DirectJDKLog [restartedMain] Initializing Spring embedded WebApplicationContext
2024-08-27 16:32:58,180 INFO o.s.b.w.s.c.ServletWebServerApplicationContext [restartedMain] Root WebApplicationContext: initialization completed in 2384 ms
2024-08-27 16:32:58,455 INFO o.h.j.i.u.LogHelper [restartedMain] HHH000204: Processing PersistenceUnitInfo [name: default]
2024-08-27 16:32:58,529 INFO o.h.Version [restartedMain] HHH000412: Hibernate ORM core version 6.3.1.Final
2024-08-27 16:32:58,581 INFO o.h.c.i.RegionFactoryInitiator [restartedMain] HHH000026: Second-level cache disabled
2024-08-27 16:32:58,887 INFO o.s.o.j.p.SpringPersistenceUnitInfo [restartedMain] No LoadTimeWeaver setup: ignoring JPA class transformer
2024-08-27 16:32:58,925 INFO c.z.h.HikariDataSource [restartedMain] HikariPool-1 - Starting...
2024-08-27 16:32:59,854 INFO c.z.h.p.HikariPool [restartedMain] HikariPool-1 - Added connection org.postgresql.jdbc.PgConnection@5d2650bb
2024-08-27 16:32:59,856 INFO c.z.h.HikariDataSource [restartedMain] HikariPool-1 - Start completed.
2024-08-27 16:32:59,956 WARN o.h.e.j.d.i.DialectFactoryImpl [restartedMain] HHH90000025: PostgreSQLDialect does not need to be specified explicitly using 'hibernate.dialect' (remove the property setting and it will be selected by default)
2024-08-27 16:33:00,107 DEBUG o.h.t.d.s.s.DdlTypeRegistry [restartedMain] addDescriptor(6, org.hibernate.type.descriptor.sql.internal.CapacityDependentDdlType@142ce2a4) replaced previous registration(org.hibernate.type.descriptor.sql.internal.DdlTypeImpl@53d52c10)
2024-08-27 16:33:00,474 WARN o.h.m.RootClass [restartedMain] HHH000038: Composite-id class does not override equals(): com.example.ATM_RECONCILIATION.Entities.Ids.UserRoleId
2024-08-27 16:33:00,474 WARN o.h.m.RootClass [restartedMain] HHH000039: Composite-id class does not override hashCode(): com.example.ATM_RECONCILIATION.Entities.Ids.UserRoleId
2024-08-27 16:33:01,320 INFO o.h.e.t.j.p.i.JtaPlatformInitiator [restartedMain] HHH000489: No JTA platform available (set 'hibernate.transaction.jta.platform' to enable JTA platform integration)
2024-08-27 16:33:01,324 INFO o.s.o.j.AbstractEntityManagerFactoryBean [restartedMain] Initialized JPA EntityManagerFactory for persistence unit 'default'
2024-08-27 16:33:01,624 INFO o.s.d.j.r.q.QueryEnhancerFactory [restartedMain] Hibernate is in classpath; If applicable, HQL parser will be used.
2024-08-27 16:33:01,941 INFO o.s.s.l.DefaultSpringSecurityContextSource [restartedMain] Configure with URL ldap://192.168.1.48:389/dc=maxcrc,dc=com and root DN dc=maxcrc,dc=com
2024-08-27 16:33:01,965 INFO o.s.s.l.u.DefaultLdapAuthoritiesPopulator [restartedMain] Will perform group search from the context source base since groupSearchBase is empty.
2024-08-27 16:33:02,454 WARN o.s.s.c.a.a.c.InitializeUserDetailsBeanManagerConfigurer$InitializeUserDetailsManagerConfigurer [restartedMain] Global AuthenticationManager configured with an AuthenticationProvider bean. UserDetailsService beans will not be used for username/password login. Consider removing the AuthenticationProvider bean. Alternatively, consider using the UserDetailsService in a manually instantiated DaoAuthenticationProvider.
2024-08-27 16:33:04,019 WARN o.s.b.a.t.ThymeleafAutoConfiguration$DefaultTemplateResolverConfiguration [restartedMain] Cannot find template location: classpath:/templates/ (please add some templates, check your Thymeleaf configuration, or set spring.thymeleaf.check-template-location=false)
2024-08-27 16:33:04,134 INFO o.s.l.c.s.AbstractContextSource [restartedMain] Property 'userDn' not set - anonymous context will be used for read-only operations
2024-08-27 16:33:04,244 INFO o.s.b.d.a.OptionalLiveReloadServer [restartedMain] LiveReload server is running on port 35729
2024-08-27 16:33:04,267 INFO o.a.j.l.DirectJDKLog [restartedMain] Starting ProtocolHandler ["http-nio-8080"]
2024-08-27 16:33:04,301 INFO o.s.b.w.e.t.TomcatWebServer [restartedMain] Tomcat started on port 8080 (http) with context path '/'
2024-08-27 16:33:04,320 INFO o.s.b.StartupInfoLogger [restartedMain] Started AtmReconciliationApplication in 9.053 seconds (process running for 10.447)
2024-08-27 16:33:07,333 INFO o.s.o.j.AbstractEntityManagerFactoryBean [SpringApplicationShutdownHook] Closing JPA EntityManagerFactory for persistence unit 'default'
2024-08-27 16:33:07,339 INFO c.z.h.HikariDataSource [SpringApplicationShutdownHook] HikariPool-1 - Shutdown initiated...
2024-08-27 16:33:07,343 INFO c.z.h.HikariDataSource [SpringApplicationShutdownHook] HikariPool-1 - Shutdown completed.
